Using pre-set license
Built from '2021.3/staging' branch; Version is '2021.3.10f1 (1c7d0df0160b) revision 1867021'; Using compiler version '192829333'; Build Type 'Release'
OS: 'Windows 10  (10.0.19045) 64bit CoreSingleLanguage' Language: 'es' Physical Memory: 16310 MB
BatchMode: 1, IsHumanControllingUs: 0, StartBugReporterOnCrash: 0, Is64bit: 1, IsPro: 1

COMMAND LINE ARGUMENTS:
C:\Program Files\Unity\Hub\Editor\2021.3.10f1\Editor\Unity.exe
-adb2
-batchMode
-noUpm
-name
AssetImportWorker1
-projectPath
F:/PROJECTS UNITY/GITHUB/ProyectoCSassets3D/Assets-Promedio-1/Assets-Promedio-1 prueba 1
-logFile
Logs/AssetImportWorker1.log
-srvPort
52169
Successfully changed project path to: F:/PROJECTS UNITY/GITHUB/ProyectoCSassets3D/Assets-Promedio-1/Assets-Promedio-1 prueba 1
F:/PROJECTS UNITY/GITHUB/ProyectoCSassets3D/Assets-Promedio-1/Assets-Promedio-1 prueba 1
[UnityMemory] Configuration Parameters - Can be set up in boot.config
    "memorysetup-bucket-allocator-granularity=16"
    "memorysetup-bucket-allocator-bucket-count=8"
    "memorysetup-bucket-allocator-block-size=33554432"
    "memorysetup-bucket-allocator-block-count=8"
    "memorysetup-main-allocator-block-size=16777216"
    "memorysetup-thread-allocator-block-size=16777216"
    "memorysetup-gfx-main-allocator-block-size=16777216"
    "memorysetup-gfx-thread-allocator-block-size=16777216"
    "memorysetup-cache-allocator-block-size=4194304"
    "memorysetup-typetree-allocator-block-size=2097152"
    "memorysetup-profiler-bucket-allocator-granularity=16"
    "memorysetup-profiler-bucket-allocator-bucket-count=8"
    "memorysetup-profiler-bucket-allocator-block-size=33554432"
    "memorysetup-profiler-bucket-allocator-block-count=8"
    "memorysetup-profiler-allocator-block-size=16777216"
    "memorysetup-profiler-editor-allocator-block-size=1048576"
    "memorysetup-temp-allocator-size-main=16777216"
    "memorysetup-job-temp-allocator-block-size=2097152"
    "memorysetup-job-temp-allocator-block-size-background=1048576"
    "memorysetup-job-temp-allocator-reduction-small-platforms=262144"
    "memorysetup-temp-allocator-size-background-worker=32768"
    "memorysetup-temp-allocator-size-job-worker=262144"
    "memorysetup-temp-allocator-size-preload-manager=33554432"
    "memorysetup-temp-allocator-size-nav-mesh-worker=65536"
    "memorysetup-temp-allocator-size-audio-worker=65536"
    "memorysetup-temp-allocator-size-cloud-worker=32768"
    "memorysetup-temp-allocator-size-gi-baking-worker=262144"
    "memorysetup-temp-allocator-size-gfx=262144"
Refreshing native plugins compatible for Editor in 76.78 ms, found 3 plugins.
Preloading 0 native plugins for Editor in 0.00 ms.
Initialize engine version: 2021.3.10f1 (1c7d0df0160b)
[Subsystems] Discovering subsystems at path C:/Program Files/Unity/Hub/Editor/2021.3.10f1/Editor/Data/Resources/UnitySubsystems
[Subsystems] Discovering subsystems at path F:/PROJECTS UNITY/GITHUB/ProyectoCSassets3D/Assets-Promedio-1/Assets-Promedio-1 prueba 1/Assets
GfxDevice: creating device client; threaded=0; jobified=0
Direct3D:
    Version:  Direct3D 11.0 [level 11.1]
    Renderer: NVIDIA GeForce GTX 1660 SUPER (ID=0x21c4)
    Vendor:   NVIDIA
    VRAM:     5980 MB
    Driver:   31.0.15.2849
Initialize mono
Mono path[0] = 'C:/Program Files/Unity/Hub/Editor/2021.3.10f1/Editor/Data/Managed'
Mono path[1] = 'C:/Program Files/Unity/Hub/Editor/2021.3.10f1/Editor/Data/MonoBleedingEdge/lib/mono/unityjit-win32'
Mono config path = 'C:/Program Files/Unity/Hub/Editor/2021.3.10f1/Editor/Data/MonoBleedingEdge/etc'
Using monoOptions --debugger-agent=transport=dt_socket,embedding=1,server=y,suspend=n,address=127.0.0.1:56416
Begin MonoManager ReloadAssembly
Registering precompiled unity dll's ...
Register platform support module: C:/Program Files/Unity/Hub/Editor/2021.3.10f1/Editor/Data/PlaybackEngines/WindowsStandaloneSupport/UnityEditor.WindowsStandalone.Extensions.dll
Registered in 0.008955 seconds.
Native extension for WindowsStandalone target not found
Refreshing native plugins compatible for Editor in 72.89 ms, found 3 plugins.
Preloading 0 native plugins for Editor in 0.00 ms.
Mono: successfully reloaded assembly
- Completed reload, in  0.604 seconds
Domain Reload Profiling:
	ReloadAssembly (605ms)
		BeginReloadAssembly (72ms)
			ExecutionOrderSort (0ms)
			DisableScriptedObjects (0ms)
			BackupInstance (0ms)
			ReleaseScriptingObjects (0ms)
			CreateAndSetChildDomain (1ms)
		EndReloadAssembly (422ms)
			LoadAssemblies (69ms)
			RebuildTransferFunctionScriptingTraits (0ms)
			SetupTypeCache (104ms)
			ReleaseScriptCaches (0ms)
			RebuildScriptCaches (27ms)
			SetupLoadedEditorAssemblies (240ms)
				LogAssemblyErrors (0ms)
				InitializePlatformSupportModulesInManaged (7ms)
				SetLoadedEditorAssemblies (0ms)
				RefreshPlugins (73ms)
				BeforeProcessingInitializeOnLoad (1ms)
				ProcessInitializeOnLoadAttributes (110ms)
				ProcessInitializeOnLoadMethodAttributes (49ms)
				AfterProcessingInitializeOnLoad (0ms)
				EditorAssembliesLoaded (0ms)
			ExecutionOrderSort2 (0ms)
			AwakeInstancesAfterBackupRestoration (0ms)
Platform modules already initialized, skipping
Registering precompiled user dll's ...
Registered in 0.005006 seconds.
Begin MonoManager ReloadAssembly
Symbol file LoadedFromMemory doesn't match image F:\PROJECTS UNITY\GITHUB\ProyectoCSassets3D\Assets-Promedio-1\Assets-Promedio-1 prueba 1\Library\PackageCache\com.unity.visualscripting@1.7.8\Editor\VisualScripting.Core\Dependencies\YamlDotNet\Unity.VisualScripting.YamlDotNet.dll
Symbol file LoadedFromMemory doesn't match image F:\PROJECTS UNITY\GITHUB\ProyectoCSassets3D\Assets-Promedio-1\Assets-Promedio-1 prueba 1\Library\PackageCache\com.unity.visualscripting@1.7.8\Editor\VisualScripting.Core\Dependencies\DotNetZip\Unity.VisualScripting.IonicZip.dll
Native extension for WindowsStandalone target not found
Refreshing native plugins compatible for Editor in 0.59 ms, found 3 plugins.
Preloading 0 native plugins for Editor in 0.00 ms.
Mono: successfully reloaded assembly
- Completed reload, in  0.999 seconds
Domain Reload Profiling:
	ReloadAssembly (999ms)
		BeginReloadAssembly (109ms)
			ExecutionOrderSort (0ms)
			DisableScriptedObjects (5ms)
			BackupInstance (0ms)
			ReleaseScriptingObjects (0ms)
			CreateAndSetChildDomain (18ms)
		EndReloadAssembly (770ms)
			LoadAssemblies (82ms)
			RebuildTransferFunctionScriptingTraits (0ms)
			SetupTypeCache (245ms)
			ReleaseScriptCaches (1ms)
			RebuildScriptCaches (52ms)
			SetupLoadedEditorAssemblies (360ms)
				LogAssemblyErrors (0ms)
				InitializePlatformSupportModulesInManaged (7ms)
				SetLoadedEditorAssemblies (0ms)
				RefreshPlugins (1ms)
				BeforeProcessingInitializeOnLoad (92ms)
				ProcessInitializeOnLoadAttributes (224ms)
				ProcessInitializeOnLoadMethodAttributes (29ms)
				AfterProcessingInitializeOnLoad (7ms)
				EditorAssembliesLoaded (0ms)
			ExecutionOrderSort2 (0ms)
			AwakeInstancesAfterBackupRestoration (5ms)
Platform modules already initialized, skipping
========================================================================
Worker process is ready to serve import requests
Launched and connected shader compiler UnityShaderCompiler.exe after 0.05 seconds
Refreshing native plugins compatible for Editor in 0.78 ms, found 3 plugins.
Preloading 0 native plugins for Editor in 0.00 ms.
Unloading 3380 Unused Serialized files (Serialized files now loaded: 0)
Unloading 25 unused Assets / (56.1 KB). Loaded Objects now: 3839.
Memory consumption went from 117.2 MB to 117.1 MB.
Total: 4.940900 ms (FindLiveObjects: 0.539700 ms CreateObjectMapping: 0.117400 ms MarkObjects: 4.155200 ms  DeleteObjects: 0.127000 ms)

AssetImportParameters requested are different than current active one (requested -> active):
  custom:video-decoder-ogg-theora: a1e56fd34408186e4bbccfd4996cb3dc -> 
  custom:container-muxer-webm: aa71ff27fc2769a1b78a27578f13a17b -> 
  custom:container-demuxer-webm: 4f35f7cbe854078d1ac9338744f61a02 -> 
  custom:video-encoder-webm-vp8: eb34c28f22e8b96e1ab97ce403110664 -> 
  custom:audio-encoder-webm-vorbis: bf7c407c2cedff20999df2af8eb42d56 -> 
  custom:framework-win-MediaFoundation: 216162199b28c13a410421893ffa2e32 -> 
  custom:container-demuxer-ogg: 62fdf1f143b41e24485cea50d1cbac27 -> 
  custom:video-decoder-webm-vp8: 9c59270c3fd7afecdb556c50c9e8de78 -> 
  custom:audio-decoder-ogg-vorbis: bf7c407c2cedff20999df2af8eb42d56 -> 
========================================================================
Received Import Request.
  Time since last request: 3833.045782 seconds.
  path: Assets/FBX/MEL/pared_diagonal_1_horizontal.fbx
  artifactKey: Guid(75d89d0e81db1264ab76570bb09a7464) Importer(815301076,1909f56bfc062723c751e8b465ee728b)
Start importing Assets/FBX/MEL/pared_diagonal_1_horizontal.fbx using Guid(75d89d0e81db1264ab76570bb09a7464) Importer(815301076,1909f56bfc062723c751e8b465ee728b)  -> (artifact id: '06e7b255fc24ab02e6896dd8d9c41c69') in 0.215554 seconds 
========================================================================
Received Import Request.
  Time since last request: 0.000024 seconds.
  path: Assets/FBX/MEL/arco de piedra puerta cerrada.fbx
  artifactKey: Guid(c369fdd57826e314a8f3e51e23644763) Importer(815301076,1909f56bfc062723c751e8b465ee728b)
Start importing Assets/FBX/MEL/arco de piedra puerta cerrada.fbx using Guid(c369fdd57826e314a8f3e51e23644763) Importer(815301076,1909f56bfc062723c751e8b465ee728b)  -> (artifact id: '3cbe765e6fe80334e914912a037d8cee') in 0.053058 seconds 
========================================================================
Received Import Request.
  Time since last request: 9.025606 seconds.
  path: Assets/FBX/BELEN/Barrandal.fbx
  artifactKey: Guid(14f9f0c6aeb972d43ae77c846d6df1b3) Importer(815301076,1909f56bfc062723c751e8b465ee728b)
Start importing Assets/FBX/BELEN/Barrandal.fbx using Guid(14f9f0c6aeb972d43ae77c846d6df1b3) Importer(815301076,1909f56bfc062723c751e8b465ee728b)  -> (artifact id: 'f848749c4d7496d0f8eeddb3e1cb57df') in 0.036778 seconds 
========================================================================
Received Import Request.
  Time since last request: 0.000025 seconds.
  path: Assets/FBX/RAFAEL/EscaleraCurva.fbx
  artifactKey: Guid(72120b3621ec70f4b94914c32a9827eb) Importer(815301076,1909f56bfc062723c751e8b465ee728b)
Start importing Assets/FBX/RAFAEL/EscaleraCurva.fbx using Guid(72120b3621ec70f4b94914c32a9827eb) Importer(815301076,1909f56bfc062723c751e8b465ee728b)  -> (artifact id: '51a661c02628448fff5c9d317008daf0') in 0.070153 seconds 
========================================================================
Received Import Request.
  Time since last request: 0.000031 seconds.
  path: Assets/FBX/BELEN/Pared con Ventana.fbx
  artifactKey: Guid(4987f1fbcbc74de4d88199814cdf3c7d) Importer(815301076,1909f56bfc062723c751e8b465ee728b)
Start importing Assets/FBX/BELEN/Pared con Ventana.fbx using Guid(4987f1fbcbc74de4d88199814cdf3c7d) Importer(815301076,1909f56bfc062723c751e8b465ee728b)  -> (artifact id: 'c64e67fbaa9b66e835d86b16b9460316') in 0.030757 seconds 
========================================================================
Received Import Request.
  Time since last request: 0.000021 seconds.
  path: Assets/FBX/BELEN/Escalon redondo.fbx
  artifactKey: Guid(f0271b567190844489ef7ad456def6f3) Importer(815301076,1909f56bfc062723c751e8b465ee728b)
Start importing Assets/FBX/BELEN/Escalon redondo.fbx using Guid(f0271b567190844489ef7ad456def6f3) Importer(815301076,1909f56bfc062723c751e8b465ee728b)  -> (artifact id: 'b1e1439d57478ba5f8a62563fa2a633f') in 0.061365 seconds 
========================================================================
Received Import Request.
  Time since last request: 0.000028 seconds.
  path: Assets/FBX/RAFAEL/Monticulo_3.fbx
  artifactKey: Guid(4b2a6d7916dd4a844a4493a15dec6105) Importer(815301076,1909f56bfc062723c751e8b465ee728b)
Start importing Assets/FBX/RAFAEL/Monticulo_3.fbx using Guid(4b2a6d7916dd4a844a4493a15dec6105) Importer(815301076,1909f56bfc062723c751e8b465ee728b)  -> (artifact id: 'bea5ed13a21b587fc0b390c204b5da95') in 0.024768 seconds 
========================================================================
Received Import Request.
  Time since last request: 2.590320 seconds.
  path: Assets/FBX/RAFAEL/SueloInclinadoArena_Rampa.fbx
  artifactKey: Guid(f32d061e275784143b703fb7f3b84fea) Importer(815301076,1909f56bfc062723c751e8b465ee728b)
Start importing Assets/FBX/RAFAEL/SueloInclinadoArena_Rampa.fbx using Guid(f32d061e275784143b703fb7f3b84fea) Importer(815301076,1909f56bfc062723c751e8b465ee728b)  -> (artifact id: '16095c77e910fdfc2185d2361f9665af') in 0.021327 seconds 
========================================================================
Received Import Request.
  Time since last request: 3777.605891 seconds.
  path: Assets/FBX/BELEN/Pared_con_ventana.fbx
  artifactKey: Guid(5b747701ed7c39045ba5f4ebcf903c61) Importer(815301076,1909f56bfc062723c751e8b465ee728b)
Start importing Assets/FBX/BELEN/Pared_con_ventana.fbx using Guid(5b747701ed7c39045ba5f4ebcf903c61) Importer(815301076,1909f56bfc062723c751e8b465ee728b)  -> (artifact id: 'bb462896eabb3e992d705cbe3561d7e1') in 0.038935 seconds 
========================================================================
Received Import Request.
  Time since last request: 177.016179 seconds.
  path: Assets/FBX/BELEN/Pared_con_Ventana.fbx
  artifactKey: Guid(5b747701ed7c39045ba5f4ebcf903c61) Importer(815301076,1909f56bfc062723c751e8b465ee728b)
Start importing Assets/FBX/BELEN/Pared_con_Ventana.fbx using Guid(5b747701ed7c39045ba5f4ebcf903c61) Importer(815301076,1909f56bfc062723c751e8b465ee728b)  -> (artifact id: '20ba7a93f1f5c2dc4347b9751022072d') in 0.020679 seconds 
========================================================================
Received Import Request.
  Time since last request: 6.871791 seconds.
  path: Assets/FBX/BELEN/Pared_con_Ventana.fbx
  artifactKey: Guid(5b747701ed7c39045ba5f4ebcf903c61) Importer(815301076,1909f56bfc062723c751e8b465ee728b)
Start importing Assets/FBX/BELEN/Pared_con_Ventana.fbx using Guid(5b747701ed7c39045ba5f4ebcf903c61) Importer(815301076,1909f56bfc062723c751e8b465ee728b)  -> (artifact id: '79e7a0f0d8153b11bbb636a32c9c7865') in 0.018030 seconds 
AssetImportWorkerClient::OnTransportError - code=10054 error=Se ha forzado la interrupción de una conexión existente por el host remoto.
