Using pre-set license
Built from '2021.3/staging' branch; Version is '2021.3.10f1 (1c7d0df0160b) revision 1867021'; Using compiler version '192829333'; Build Type 'Release'
OS: 'Windows 11  (10.0.22621) 64bit CoreSingleLanguage' Language: 'es' Physical Memory: 16088 MB
BatchMode: 1, IsHumanControllingUs: 0, StartBugReporterOnCrash: 0, Is64bit: 1, IsPro: 1

COMMAND LINE ARGUMENTS:
C:\Program Files\Unity\Hub\Editor\2021.3.10f1\Editor\Unity.exe
-adb2
-batchMode
-noUpm
-name
AssetImportWorker0
-projectPath
C:/Users/Melissa/Documents/GitHub/Assets-Promedio-1/Assets-Promedio-1 prueba 1
-logFile
Logs/AssetImportWorker0.log
-srvPort
54322
Successfully changed project path to: C:/Users/Melissa/Documents/GitHub/Assets-Promedio-1/Assets-Promedio-1 prueba 1
C:/Users/Melissa/Documents/GitHub/Assets-Promedio-1/Assets-Promedio-1 prueba 1
[UnityMemory] Configuration Parameters - Can be set up in boot.config
    "memorysetup-bucket-allocator-granularity=16"
    "memorysetup-bucket-allocator-bucket-count=8"
    "memorysetup-bucket-allocator-block-size=33554432"
    "memorysetup-bucket-allocator-block-count=8"
    "memorysetup-main-allocator-block-size=16777216"
    "memorysetup-thread-allocator-block-size=16777216"
    "memorysetup-gfx-main-allocator-block-size=16777216"
    "memorysetup-gfx-thread-allocator-block-size=16777216"
    "memorysetup-cache-allocator-block-size=4194304"
    "memorysetup-typetree-allocator-block-size=2097152"
    "memorysetup-profiler-bucket-allocator-granularity=16"
    "memorysetup-profiler-bucket-allocator-bucket-count=8"
    "memorysetup-profiler-bucket-allocator-block-size=33554432"
    "memorysetup-profiler-bucket-allocator-block-count=8"
    "memorysetup-profiler-allocator-block-size=16777216"
    "memorysetup-profiler-editor-allocator-block-size=1048576"
    "memorysetup-temp-allocator-size-main=16777216"
    "memorysetup-job-temp-allocator-block-size=2097152"
    "memorysetup-job-temp-allocator-block-size-background=1048576"
    "memorysetup-job-temp-allocator-reduction-small-platforms=262144"
    "memorysetup-temp-allocator-size-background-worker=32768"
    "memorysetup-temp-allocator-size-job-worker=262144"
    "memorysetup-temp-allocator-size-preload-manager=33554432"
    "memorysetup-temp-allocator-size-nav-mesh-worker=65536"
    "memorysetup-temp-allocator-size-audio-worker=65536"
    "memorysetup-temp-allocator-size-cloud-worker=32768"
    "memorysetup-temp-allocator-size-gi-baking-worker=262144"
    "memorysetup-temp-allocator-size-gfx=262144"
Refreshing native plugins compatible for Editor in 55.03 ms, found 3 plugins.
Preloading 0 native plugins for Editor in 0.00 ms.
Initialize engine version: 2021.3.10f1 (1c7d0df0160b)
[Subsystems] Discovering subsystems at path C:/Program Files/Unity/Hub/Editor/2021.3.10f1/Editor/Data/Resources/UnitySubsystems
[Subsystems] Discovering subsystems at path C:/Users/Melissa/Documents/GitHub/Assets-Promedio-1/Assets-Promedio-1 prueba 1/Assets
GfxDevice: creating device client; threaded=0; jobified=0
Direct3D:
    Version:  Direct3D 11.0 [level 11.1]
    Renderer: NVIDIA GeForce RTX 3060 Laptop GPU (ID=0x2520)
    Vendor:   NVIDIA
    VRAM:     6009 MB
    Driver:   31.0.15.2737
Initialize mono
Mono path[0] = 'C:/Program Files/Unity/Hub/Editor/2021.3.10f1/Editor/Data/Managed'
Mono path[1] = 'C:/Program Files/Unity/Hub/Editor/2021.3.10f1/Editor/Data/MonoBleedingEdge/lib/mono/unityjit-win32'
Mono config path = 'C:/Program Files/Unity/Hub/Editor/2021.3.10f1/Editor/Data/MonoBleedingEdge/etc'
Using monoOptions --debugger-agent=transport=dt_socket,embedding=1,server=y,suspend=n,address=127.0.0.1:56712
Begin MonoManager ReloadAssembly
Registering precompiled unity dll's ...
Register platform support module: C:/Program Files/Unity/Hub/Editor/2021.3.10f1/Editor/Data/PlaybackEngines/WindowsStandaloneSupport/UnityEditor.WindowsStandalone.Extensions.dll
Registered in 0.003939 seconds.
Native extension for WindowsStandalone target not found
Refreshing native plugins compatible for Editor in 53.74 ms, found 3 plugins.
Preloading 0 native plugins for Editor in 0.00 ms.
Mono: successfully reloaded assembly
- Completed reload, in  0.443 seconds
Domain Reload Profiling:
	ReloadAssembly (443ms)
		BeginReloadAssembly (58ms)
			ExecutionOrderSort (0ms)
			DisableScriptedObjects (0ms)
			BackupInstance (0ms)
			ReleaseScriptingObjects (0ms)
			CreateAndSetChildDomain (1ms)
		EndReloadAssembly (310ms)
			LoadAssemblies (56ms)
			RebuildTransferFunctionScriptingTraits (0ms)
			SetupTypeCache (72ms)
			ReleaseScriptCaches (0ms)
			RebuildScriptCaches (20ms)
			SetupLoadedEditorAssemblies (179ms)
				LogAssemblyErrors (0ms)
				InitializePlatformSupportModulesInManaged (6ms)
				SetLoadedEditorAssemblies (0ms)
				RefreshPlugins (54ms)
				BeforeProcessingInitializeOnLoad (1ms)
				ProcessInitializeOnLoadAttributes (86ms)
				ProcessInitializeOnLoadMethodAttributes (32ms)
				AfterProcessingInitializeOnLoad (0ms)
				EditorAssembliesLoaded (0ms)
			ExecutionOrderSort2 (0ms)
			AwakeInstancesAfterBackupRestoration (0ms)
Platform modules already initialized, skipping
Registering precompiled user dll's ...
Registered in 0.004896 seconds.
Begin MonoManager ReloadAssembly
Symbol file LoadedFromMemory doesn't match image C:\Users\Melissa\Documents\GitHub\Assets-Promedio-1\Assets-Promedio-1 prueba 1\Library\PackageCache\com.unity.visualscripting@1.7.8\Editor\VisualScripting.Core\Dependencies\YamlDotNet\Unity.VisualScripting.YamlDotNet.dll
Symbol file LoadedFromMemory doesn't match image C:\Users\Melissa\Documents\GitHub\Assets-Promedio-1\Assets-Promedio-1 prueba 1\Library\PackageCache\com.unity.visualscripting@1.7.8\Editor\VisualScripting.Core\Dependencies\DotNetZip\Unity.VisualScripting.IonicZip.dll
Native extension for WindowsStandalone target not found
Refreshing native plugins compatible for Editor in 0.51 ms, found 3 plugins.
Preloading 0 native plugins for Editor in 0.00 ms.
Mono: successfully reloaded assembly
- Completed reload, in  0.746 seconds
Domain Reload Profiling:
	ReloadAssembly (747ms)
		BeginReloadAssembly (84ms)
			ExecutionOrderSort (0ms)
			DisableScriptedObjects (4ms)
			BackupInstance (0ms)
			ReleaseScriptingObjects (0ms)
			CreateAndSetChildDomain (16ms)
		EndReloadAssembly (573ms)
			LoadAssemblies (90ms)
			RebuildTransferFunctionScriptingTraits (0ms)
			SetupTypeCache (181ms)
			ReleaseScriptCaches (0ms)
			RebuildScriptCaches (32ms)
			SetupLoadedEditorAssemblies (247ms)
				LogAssemblyErrors (0ms)
				InitializePlatformSupportModulesInManaged (4ms)
				SetLoadedEditorAssemblies (1ms)
				RefreshPlugins (1ms)
				BeforeProcessingInitializeOnLoad (58ms)
				ProcessInitializeOnLoadAttributes (156ms)
				ProcessInitializeOnLoadMethodAttributes (23ms)
				AfterProcessingInitializeOnLoad (5ms)
				EditorAssembliesLoaded (0ms)
			ExecutionOrderSort2 (0ms)
			AwakeInstancesAfterBackupRestoration (5ms)
Platform modules already initialized, skipping
========================================================================
Worker process is ready to serve import requests
Launched and connected shader compiler UnityShaderCompiler.exe after 0.05 seconds
Refreshing native plugins compatible for Editor in 0.44 ms, found 3 plugins.
Preloading 0 native plugins for Editor in 0.00 ms.
Unloading 3380 Unused Serialized files (Serialized files now loaded: 0)
Unloading 27 unused Assets / (113.4 KB). Loaded Objects now: 3837.
Memory consumption went from 117.2 MB to 117.1 MB.
Total: 2.722800 ms (FindLiveObjects: 0.200000 ms CreateObjectMapping: 0.090700 ms MarkObjects: 2.341300 ms  DeleteObjects: 0.090000 ms)

AssetImportParameters requested are different than current active one (requested -> active):
  custom:video-decoder-ogg-theora: a1e56fd34408186e4bbccfd4996cb3dc -> 
  custom:container-muxer-webm: aa71ff27fc2769a1b78a27578f13a17b -> 
  custom:container-demuxer-webm: 4f35f7cbe854078d1ac9338744f61a02 -> 
  custom:video-encoder-webm-vp8: eb34c28f22e8b96e1ab97ce403110664 -> 
  custom:audio-encoder-webm-vorbis: bf7c407c2cedff20999df2af8eb42d56 -> 
  custom:framework-win-MediaFoundation: 216162199b28c13a410421893ffa2e32 -> 
  custom:container-demuxer-ogg: 62fdf1f143b41e24485cea50d1cbac27 -> 
  custom:video-decoder-webm-vp8: 9c59270c3fd7afecdb556c50c9e8de78 -> 
  custom:audio-decoder-ogg-vorbis: bf7c407c2cedff20999df2af8eb42d56 -> 
========================================================================
Received Import Request.
  Time since last request: 446232.119568 seconds.
  path: Assets/Scenes
  artifactKey: Guid(6ea315d0fd7389c41b19996891e99ae3) Importer(815301076,1909f56bfc062723c751e8b465ee728b)
Start importing Assets/Scenes using Guid(6ea315d0fd7389c41b19996891e99ae3) Importer(815301076,1909f56bfc062723c751e8b465ee728b)  -> (artifact id: 'b8193726cff86800c54781cdc6d54904') in 0.005984 seconds 
========================================================================
Received Import Request.
  Time since last request: 3.352801 seconds.
  path: Assets
  artifactKey: Guid(00000000000000001000000000000000) Importer(815301076,1909f56bfc062723c751e8b465ee728b)
Start importing Assets using Guid(00000000000000001000000000000000) Importer(815301076,1909f56bfc062723c751e8b465ee728b)  -> (artifact id: '79842766b460edbeab6a34051e857a80') in 0.001752 seconds 
========================================================================
Received Import Request.
  Time since last request: 11.877320 seconds.
  path: Assets/FBX
  artifactKey: Guid(a78fc1cacf005a84eaa453e9f8c99d2e) Importer(815301076,1909f56bfc062723c751e8b465ee728b)
Start importing Assets/FBX using Guid(a78fc1cacf005a84eaa453e9f8c99d2e) Importer(815301076,1909f56bfc062723c751e8b465ee728b)  -> (artifact id: '495894f97b0a11c8fbdb13063e39eae0') in 0.001628 seconds 
========================================================================
Received Import Request.
  Time since last request: 8.484708 seconds.
  path: Assets/FBX/MEL
  artifactKey: Guid(81c4f2c8fb1a1ed46847e6e6fba612d6) Importer(815301076,1909f56bfc062723c751e8b465ee728b)
Start importing Assets/FBX/MEL using Guid(81c4f2c8fb1a1ed46847e6e6fba612d6) Importer(815301076,1909f56bfc062723c751e8b465ee728b)  -> (artifact id: 'c9cc68bf8ef465781316ee84333401c9') in 0.001849 seconds 
========================================================================
Received Import Request.
  Time since last request: 7.004295 seconds.
  path: Assets/FBX/BELEN
  artifactKey: Guid(c75fce1a247997849b342063221ee6f7) Importer(815301076,1909f56bfc062723c751e8b465ee728b)
Start importing Assets/FBX/BELEN using Guid(c75fce1a247997849b342063221ee6f7) Importer(815301076,1909f56bfc062723c751e8b465ee728b)  -> (artifact id: 'd092174292fab9a3622245ab90686552') in 0.001474 seconds 
========================================================================
Received Import Request.
  Time since last request: 9.019724 seconds.
  path: Assets/FBX/RAFAEL
  artifactKey: Guid(f69b7d6bf56a29145bdb96673b664d5b) Importer(815301076,1909f56bfc062723c751e8b465ee728b)
Start importing Assets/FBX/RAFAEL using Guid(f69b7d6bf56a29145bdb96673b664d5b) Importer(815301076,1909f56bfc062723c751e8b465ee728b)  -> (artifact id: '18c9f41969ec1f64d6bae948e1896021') in 0.001418 seconds 
========================================================================
Received Import Request.
  Time since last request: 18.527934 seconds.
  path: Assets/FBX/MEL/arco de piedra puertas abiertas.fbx
  artifactKey: Guid(4720146d0ab8a4943b26c22dc92ceed7) Importer(815301076,1909f56bfc062723c751e8b465ee728b)
Start importing Assets/FBX/MEL/arco de piedra puertas abiertas.fbx using Guid(4720146d0ab8a4943b26c22dc92ceed7) Importer(815301076,1909f56bfc062723c751e8b465ee728b)  -> (artifact id: 'fab30fd698f801d1409524abb0d425c8') in 0.342921 seconds 
========================================================================
Received Import Request.
  Time since last request: 17.627546 seconds.
  path: Assets/FBX/MEL/arco de piedra puertas abiertas.fbx
  artifactKey: Guid(4720146d0ab8a4943b26c22dc92ceed7) Importer(815301076,1909f56bfc062723c751e8b465ee728b)
Start importing Assets/FBX/MEL/arco de piedra puertas abiertas.fbx using Guid(4720146d0ab8a4943b26c22dc92ceed7) Importer(815301076,1909f56bfc062723c751e8b465ee728b)  -> (artifact id: '5d521330cf6535e0ffe071f7245141be') in 0.043831 seconds 
========================================================================
Received Import Request.
  Time since last request: 470.729926 seconds.
  path: Assets/FBX/MEL/arco de piedra peque単o tunel.fbx
  artifactKey: Guid(865d2787febf45d4b87650884d026476) Importer(815301076,1909f56bfc062723c751e8b465ee728b)
Start importing Assets/FBX/MEL/arco de piedra peque単o tunel.fbx using Guid(865d2787febf45d4b87650884d026476) Importer(815301076,1909f56bfc062723c751e8b465ee728b)  -> (artifact id: '53b645386caf0180722974996d0b5525') in 0.027830 seconds 
========================================================================
Received Import Request.
  Time since last request: 0.000033 seconds.
  path: Assets/FBX/MEL/pared_diagonal_2_horizontal.fbx
  artifactKey: Guid(0535aad0b16aaa74f9f650fc353cb331) Importer(815301076,1909f56bfc062723c751e8b465ee728b)
Start importing Assets/FBX/MEL/pared_diagonal_2_horizontal.fbx using Guid(0535aad0b16aaa74f9f650fc353cb331) Importer(815301076,1909f56bfc062723c751e8b465ee728b)  -> (artifact id: '1e577682035e3ad549d96384639b438f') in 0.021008 seconds 
========================================================================
Received Import Request.
  Time since last request: 0.000038 seconds.
  path: Assets/FBX/MEL/pared_diagonal_1_horizontal.fbx
  artifactKey: Guid(75d89d0e81db1264ab76570bb09a7464) Importer(815301076,1909f56bfc062723c751e8b465ee728b)
Start importing Assets/FBX/MEL/pared_diagonal_1_horizontal.fbx using Guid(75d89d0e81db1264ab76570bb09a7464) Importer(815301076,1909f56bfc062723c751e8b465ee728b)  -> (artifact id: 'cb8383ea451aac3d77a531717c165f21') in 0.020602 seconds 
========================================================================
Received Import Request.
  Time since last request: 0.000025 seconds.
  path: Assets/FBX/MEL/arco de piedra puerta peque単a.fbx
  artifactKey: Guid(845e9a2fc15652946808736bdc268e0e) Importer(815301076,1909f56bfc062723c751e8b465ee728b)
Start importing Assets/FBX/MEL/arco de piedra puerta peque単a.fbx using Guid(845e9a2fc15652946808736bdc268e0e) Importer(815301076,1909f56bfc062723c751e8b465ee728b)  -> (artifact id: 'e3b9647a2288249c4320fc09f7a0d3c0') in 0.031674 seconds 
========================================================================
Received Import Request.
  Time since last request: 0.000028 seconds.
  path: Assets/FBX/MEL/arco de piedra sin puertas.fbx
  artifactKey: Guid(6b30448a29d256946be8f7ffc41a863b) Importer(815301076,1909f56bfc062723c751e8b465ee728b)
Start importing Assets/FBX/MEL/arco de piedra sin puertas.fbx using Guid(6b30448a29d256946be8f7ffc41a863b) Importer(815301076,1909f56bfc062723c751e8b465ee728b)  -> (artifact id: 'b09c7a6481efc2a30d4657108308561b') in 0.018920 seconds 
========================================================================
Received Import Request.
  Time since last request: 0.000019 seconds.
  path: Assets/FBX/MEL/pared_diagonal_2_vertical.fbx
  artifactKey: Guid(124c0a874cbd9424f90eb2243e286e37) Importer(815301076,1909f56bfc062723c751e8b465ee728b)
Start importing Assets/FBX/MEL/pared_diagonal_2_vertical.fbx using Guid(124c0a874cbd9424f90eb2243e286e37) Importer(815301076,1909f56bfc062723c751e8b465ee728b)  -> (artifact id: '200b3b1bb4dea8b6620c268680f97038') in 0.024492 seconds 
========================================================================
Received Import Request.
  Time since last request: 0.000026 seconds.
  path: Assets/FBX/MEL/pared_diagonal_1_vertical.fbx
  artifactKey: Guid(d427b22baa60f8a41b5ad684b80344ac) Importer(815301076,1909f56bfc062723c751e8b465ee728b)
Start importing Assets/FBX/MEL/pared_diagonal_1_vertical.fbx using Guid(d427b22baa60f8a41b5ad684b80344ac) Importer(815301076,1909f56bfc062723c751e8b465ee728b)  -> (artifact id: '833b1aa79f4c641ee8c74155be9e0d80') in 0.018995 seconds 
Editor requested this worker to shutdown with reason: Scaling down because of idle timeout
AssetImportWorker is now disconnected from the server
Process exiting
Exiting without the bug reporter. Application will terminate with return code 0