Using pre-set license
Built from '2021.3/staging' branch; Version is '2021.3.10f1 (1c7d0df0160b) revision 1867021'; Using compiler version '192829333'; Build Type 'Release'
OS: 'Windows 10  (10.0.19045) 64bit CoreSingleLanguage' Language: 'es' Physical Memory: 16310 MB
BatchMode: 1, IsHumanControllingUs: 0, StartBugReporterOnCrash: 0, Is64bit: 1, IsPro: 1

COMMAND LINE ARGUMENTS:
C:\Program Files\Unity\Hub\Editor\2021.3.10f1\Editor\Unity.exe
-adb2
-batchMode
-noUpm
-name
AssetImportWorker2
-projectPath
F:/PROJECTS UNITY/GITHUB/ProyectoCSassets3D/Assets-Promedio-1/Assets-Promedio-1 prueba 1
-logFile
Logs/AssetImportWorker2.log
-srvPort
52169
Successfully changed project path to: F:/PROJECTS UNITY/GITHUB/ProyectoCSassets3D/Assets-Promedio-1/Assets-Promedio-1 prueba 1
F:/PROJECTS UNITY/GITHUB/ProyectoCSassets3D/Assets-Promedio-1/Assets-Promedio-1 prueba 1
[UnityMemory] Configuration Parameters - Can be set up in boot.config
    "memorysetup-bucket-allocator-granularity=16"
    "memorysetup-bucket-allocator-bucket-count=8"
    "memorysetup-bucket-allocator-block-size=33554432"
    "memorysetup-bucket-allocator-block-count=8"
    "memorysetup-main-allocator-block-size=16777216"
    "memorysetup-thread-allocator-block-size=16777216"
    "memorysetup-gfx-main-allocator-block-size=16777216"
    "memorysetup-gfx-thread-allocator-block-size=16777216"
    "memorysetup-cache-allocator-block-size=4194304"
    "memorysetup-typetree-allocator-block-size=2097152"
    "memorysetup-profiler-bucket-allocator-granularity=16"
    "memorysetup-profiler-bucket-allocator-bucket-count=8"
    "memorysetup-profiler-bucket-allocator-block-size=33554432"
    "memorysetup-profiler-bucket-allocator-block-count=8"
    "memorysetup-profiler-allocator-block-size=16777216"
    "memorysetup-profiler-editor-allocator-block-size=1048576"
    "memorysetup-temp-allocator-size-main=16777216"
    "memorysetup-job-temp-allocator-block-size=2097152"
    "memorysetup-job-temp-allocator-block-size-background=1048576"
    "memorysetup-job-temp-allocator-reduction-small-platforms=262144"
    "memorysetup-temp-allocator-size-background-worker=32768"
    "memorysetup-temp-allocator-size-job-worker=262144"
    "memorysetup-temp-allocator-size-preload-manager=33554432"
    "memorysetup-temp-allocator-size-nav-mesh-worker=65536"
    "memorysetup-temp-allocator-size-audio-worker=65536"
    "memorysetup-temp-allocator-size-cloud-worker=32768"
    "memorysetup-temp-allocator-size-gi-baking-worker=262144"
    "memorysetup-temp-allocator-size-gfx=262144"
Refreshing native plugins compatible for Editor in 79.70 ms, found 3 plugins.
Preloading 0 native plugins for Editor in 0.00 ms.
Initialize engine version: 2021.3.10f1 (1c7d0df0160b)
[Subsystems] Discovering subsystems at path C:/Program Files/Unity/Hub/Editor/2021.3.10f1/Editor/Data/Resources/UnitySubsystems
[Subsystems] Discovering subsystems at path F:/PROJECTS UNITY/GITHUB/ProyectoCSassets3D/Assets-Promedio-1/Assets-Promedio-1 prueba 1/Assets
GfxDevice: creating device client; threaded=0; jobified=0
Direct3D:
    Version:  Direct3D 11.0 [level 11.1]
    Renderer: NVIDIA GeForce GTX 1660 SUPER (ID=0x21c4)
    Vendor:   NVIDIA
    VRAM:     5980 MB
    Driver:   31.0.15.2849
Initialize mono
Mono path[0] = 'C:/Program Files/Unity/Hub/Editor/2021.3.10f1/Editor/Data/Managed'
Mono path[1] = 'C:/Program Files/Unity/Hub/Editor/2021.3.10f1/Editor/Data/MonoBleedingEdge/lib/mono/unityjit-win32'
Mono config path = 'C:/Program Files/Unity/Hub/Editor/2021.3.10f1/Editor/Data/MonoBleedingEdge/etc'
Using monoOptions --debugger-agent=transport=dt_socket,embedding=1,server=y,suspend=n,address=127.0.0.1:56352
Begin MonoManager ReloadAssembly
Registering precompiled unity dll's ...
Register platform support module: C:/Program Files/Unity/Hub/Editor/2021.3.10f1/Editor/Data/PlaybackEngines/WindowsStandaloneSupport/UnityEditor.WindowsStandalone.Extensions.dll
Registered in 0.006874 seconds.
Native extension for WindowsStandalone target not found
Refreshing native plugins compatible for Editor in 81.72 ms, found 3 plugins.
Preloading 0 native plugins for Editor in 0.00 ms.
Mono: successfully reloaded assembly
- Completed reload, in  0.606 seconds
Domain Reload Profiling:
	ReloadAssembly (606ms)
		BeginReloadAssembly (69ms)
			ExecutionOrderSort (0ms)
			DisableScriptedObjects (0ms)
			BackupInstance (0ms)
			ReleaseScriptingObjects (0ms)
			CreateAndSetChildDomain (1ms)
		EndReloadAssembly (430ms)
			LoadAssemblies (65ms)
			RebuildTransferFunctionScriptingTraits (0ms)
			SetupTypeCache (103ms)
			ReleaseScriptCaches (0ms)
			RebuildScriptCaches (23ms)
			SetupLoadedEditorAssemblies (259ms)
				LogAssemblyErrors (0ms)
				InitializePlatformSupportModulesInManaged (7ms)
				SetLoadedEditorAssemblies (0ms)
				RefreshPlugins (82ms)
				BeforeProcessingInitializeOnLoad (1ms)
				ProcessInitializeOnLoadAttributes (123ms)
				ProcessInitializeOnLoadMethodAttributes (45ms)
				AfterProcessingInitializeOnLoad (0ms)
				EditorAssembliesLoaded (0ms)
			ExecutionOrderSort2 (0ms)
			AwakeInstancesAfterBackupRestoration (0ms)
Platform modules already initialized, skipping
Registering precompiled user dll's ...
Registered in 0.003992 seconds.
Begin MonoManager ReloadAssembly
Symbol file LoadedFromMemory doesn't match image F:\PROJECTS UNITY\GITHUB\ProyectoCSassets3D\Assets-Promedio-1\Assets-Promedio-1 prueba 1\Library\PackageCache\com.unity.visualscripting@1.7.8\Editor\VisualScripting.Core\Dependencies\YamlDotNet\Unity.VisualScripting.YamlDotNet.dll
Symbol file LoadedFromMemory doesn't match image F:\PROJECTS UNITY\GITHUB\ProyectoCSassets3D\Assets-Promedio-1\Assets-Promedio-1 prueba 1\Library\PackageCache\com.unity.visualscripting@1.7.8\Editor\VisualScripting.Core\Dependencies\DotNetZip\Unity.VisualScripting.IonicZip.dll
Native extension for WindowsStandalone target not found
Refreshing native plugins compatible for Editor in 0.86 ms, found 3 plugins.
Preloading 0 native plugins for Editor in 0.00 ms.
Mono: successfully reloaded assembly
- Completed reload, in  0.973 seconds
Domain Reload Profiling:
	ReloadAssembly (974ms)
		BeginReloadAssembly (115ms)
			ExecutionOrderSort (0ms)
			DisableScriptedObjects (6ms)
			BackupInstance (0ms)
			ReleaseScriptingObjects (0ms)
			CreateAndSetChildDomain (20ms)
		EndReloadAssembly (740ms)
			LoadAssemblies (78ms)
			RebuildTransferFunctionScriptingTraits (0ms)
			SetupTypeCache (244ms)
			ReleaseScriptCaches (1ms)
			RebuildScriptCaches (49ms)
			SetupLoadedEditorAssemblies (338ms)
				LogAssemblyErrors (0ms)
				InitializePlatformSupportModulesInManaged (8ms)
				SetLoadedEditorAssemblies (1ms)
				RefreshPlugins (1ms)
				BeforeProcessingInitializeOnLoad (83ms)
				ProcessInitializeOnLoadAttributes (209ms)
				ProcessInitializeOnLoadMethodAttributes (29ms)
				AfterProcessingInitializeOnLoad (8ms)
				EditorAssembliesLoaded (0ms)
			ExecutionOrderSort2 (0ms)
			AwakeInstancesAfterBackupRestoration (6ms)
Platform modules already initialized, skipping
========================================================================
Worker process is ready to serve import requests
Launched and connected shader compiler UnityShaderCompiler.exe after 0.05 seconds
Refreshing native plugins compatible for Editor in 1.09 ms, found 3 plugins.
Preloading 0 native plugins for Editor in 0.00 ms.
Unloading 3380 Unused Serialized files (Serialized files now loaded: 0)
Unloading 25 unused Assets / (56.1 KB). Loaded Objects now: 3839.
Memory consumption went from 117.2 MB to 117.1 MB.
Total: 3.634500 ms (FindLiveObjects: 0.423100 ms CreateObjectMapping: 0.096400 ms MarkObjects: 2.975500 ms  DeleteObjects: 0.138000 ms)

AssetImportParameters requested are different than current active one (requested -> active):
  custom:video-decoder-ogg-theora: a1e56fd34408186e4bbccfd4996cb3dc -> 
  custom:container-muxer-webm: aa71ff27fc2769a1b78a27578f13a17b -> 
  custom:container-demuxer-webm: 4f35f7cbe854078d1ac9338744f61a02 -> 
  custom:video-encoder-webm-vp8: eb34c28f22e8b96e1ab97ce403110664 -> 
  custom:audio-encoder-webm-vorbis: bf7c407c2cedff20999df2af8eb42d56 -> 
  custom:framework-win-MediaFoundation: 216162199b28c13a410421893ffa2e32 -> 
  custom:container-demuxer-ogg: 62fdf1f143b41e24485cea50d1cbac27 -> 
  custom:video-decoder-webm-vp8: 9c59270c3fd7afecdb556c50c9e8de78 -> 
  custom:audio-decoder-ogg-vorbis: bf7c407c2cedff20999df2af8eb42d56 -> 
========================================================================
Received Import Request.
  Time since last request: 3833.022771 seconds.
  path: Assets/FBX/MEL/lampara.fbx
  artifactKey: Guid(25ad1c58b6b83b14caad77771f0a1897) Importer(815301076,1909f56bfc062723c751e8b465ee728b)
Start importing Assets/FBX/MEL/lampara.fbx using Guid(25ad1c58b6b83b14caad77771f0a1897) Importer(815301076,1909f56bfc062723c751e8b465ee728b)  -> (artifact id: '24903fcf0a9761292463ea6c0fc3b29e') in 0.228476 seconds 
========================================================================
Received Import Request.
  Time since last request: 0.000024 seconds.
  path: Assets/FBX/MEL/arco de piedra sin puertas.fbx
  artifactKey: Guid(6b30448a29d256946be8f7ffc41a863b) Importer(815301076,1909f56bfc062723c751e8b465ee728b)
Start importing Assets/FBX/MEL/arco de piedra sin puertas.fbx using Guid(6b30448a29d256946be8f7ffc41a863b) Importer(815301076,1909f56bfc062723c751e8b465ee728b)  -> (artifact id: 'efbeca39abf04cb910f48cd9d6383df6') in 0.031583 seconds 
========================================================================
Received Import Request.
  Time since last request: 9.056894 seconds.
  path: Assets/FBX/RAFAEL/ArcoDePiedra_CTgrande_Fondo.fbx
  artifactKey: Guid(601a62b1e695b6b4a9262858b901c274) Importer(815301076,1909f56bfc062723c751e8b465ee728b)
Start importing Assets/FBX/RAFAEL/ArcoDePiedra_CTgrande_Fondo.fbx using Guid(601a62b1e695b6b4a9262858b901c274) Importer(815301076,1909f56bfc062723c751e8b465ee728b)  -> (artifact id: 'f68f8a79eec45b10537ab511b7d2a4a0') in 0.032383 seconds 
========================================================================
Received Import Request.
  Time since last request: 0.000022 seconds.
  path: Assets/FBX/BELEN/Escalera01.fbx
  artifactKey: Guid(775abfe8a08805a48adb705a215ecb46) Importer(815301076,1909f56bfc062723c751e8b465ee728b)
Start importing Assets/FBX/BELEN/Escalera01.fbx using Guid(775abfe8a08805a48adb705a215ecb46) Importer(815301076,1909f56bfc062723c751e8b465ee728b)  -> (artifact id: '23938d14315db58c39c9d610e805a540') in 0.031061 seconds 
========================================================================
Received Import Request.
  Time since last request: 0.000022 seconds.
  path: Assets/FBX/RAFAEL/CajaVerde.fbx
  artifactKey: Guid(0e76d08efdc735f4590043f266cf1c98) Importer(815301076,1909f56bfc062723c751e8b465ee728b)
Start importing Assets/FBX/RAFAEL/CajaVerde.fbx using Guid(0e76d08efdc735f4590043f266cf1c98) Importer(815301076,1909f56bfc062723c751e8b465ee728b)  -> (artifact id: '905e361c425663e572b939a6f2a9539a') in 0.108137 seconds 
========================================================================
Received Import Request.
  Time since last request: 0.000023 seconds.
  path: Assets/FBX/BELEN/Escalera P2.fbx
  artifactKey: Guid(c24f2c25496f92240ab0176a536bf1f8) Importer(815301076,1909f56bfc062723c751e8b465ee728b)
Start importing Assets/FBX/BELEN/Escalera P2.fbx using Guid(c24f2c25496f92240ab0176a536bf1f8) Importer(815301076,1909f56bfc062723c751e8b465ee728b)  -> (artifact id: '1fcc9c7071c7965438dd95ee1a4989f0') in 0.034776 seconds 
========================================================================
Received Import Request.
  Time since last request: 0.000027 seconds.
  path: Assets/FBX/BELEN/Pared.fbx
  artifactKey: Guid(61a528fa40de478439b7f70947e65c91) Importer(815301076,1909f56bfc062723c751e8b465ee728b)
Start importing Assets/FBX/BELEN/Pared.fbx using Guid(61a528fa40de478439b7f70947e65c91) Importer(815301076,1909f56bfc062723c751e8b465ee728b)  -> (artifact id: 'b5ced8e12a258acc75acc8878091190c') in 0.023869 seconds 
========================================================================
Received Import Request.
  Time since last request: 2.583240 seconds.
  path: Assets/FBX/RAFAEL/Suelo.fbx
  artifactKey: Guid(7bc74c108f6225749990870cd25dd226) Importer(815301076,1909f56bfc062723c751e8b465ee728b)
Start importing Assets/FBX/RAFAEL/Suelo.fbx using Guid(7bc74c108f6225749990870cd25dd226) Importer(815301076,1909f56bfc062723c751e8b465ee728b)  -> (artifact id: 'a94386012e4d90cd2b294f2e7d5035cb') in 0.022135 seconds 
========================================================================
Received Import Request.
  Time since last request: 3777.605289 seconds.
  path: Assets/FBX/BELEN/Pared 1.fbx
  artifactKey: Guid(ef28a784e39b534408fcd5a19b1beacf) Importer(815301076,1909f56bfc062723c751e8b465ee728b)
Start importing Assets/FBX/BELEN/Pared 1.fbx using Guid(ef28a784e39b534408fcd5a19b1beacf) Importer(815301076,1909f56bfc062723c751e8b465ee728b)  -> (artifact id: '1aea571156f75ad96a058d89d205cb54') in 0.039806 seconds 
========================================================================
Received Import Request.
  Time since last request: 98.375184 seconds.
  path: Assets/FBX/BELEN/Pared con Ventana 1.fbx
  artifactKey: Guid(cbcbfcc248792a048b8d8d11a56c3ca2) Importer(815301076,1909f56bfc062723c751e8b465ee728b)
Start importing Assets/FBX/BELEN/Pared con Ventana 1.fbx using Guid(cbcbfcc248792a048b8d8d11a56c3ca2) Importer(815301076,1909f56bfc062723c751e8b465ee728b)  -> (artifact id: '27539b95e717f735738ec3dfd198a5a3') in 0.019618 seconds 
========================================================================
Received Import Request.
  Time since last request: 78.614990 seconds.
  path: Assets/FBX/BELEN/Pared.fbx
  artifactKey: Guid(61a528fa40de478439b7f70947e65c91) Importer(815301076,1909f56bfc062723c751e8b465ee728b)
Start importing Assets/FBX/BELEN/Pared.fbx using Guid(61a528fa40de478439b7f70947e65c91) Importer(815301076,1909f56bfc062723c751e8b465ee728b)  -> (artifact id: 'f73810f82c3fab1c32d84419a5d77e1f') in 0.021034 seconds 
========================================================================
Received Import Request.
  Time since last request: 6.871683 seconds.
  path: Assets/FBX/BELEN/Pared.fbx
  artifactKey: Guid(61a528fa40de478439b7f70947e65c91) Importer(815301076,1909f56bfc062723c751e8b465ee728b)
Start importing Assets/FBX/BELEN/Pared.fbx using Guid(61a528fa40de478439b7f70947e65c91) Importer(815301076,1909f56bfc062723c751e8b465ee728b)  -> (artifact id: '5419adbb70076a0219b47b60331019c3') in 0.016955 seconds 
AssetImportWorkerClient::OnTransportError - code=10054 error=Se ha forzado la interrupción de una conexión existente por el host remoto.
