Using pre-set license
Built from '2021.3/staging' branch; Version is '2021.3.10f1 (1c7d0df0160b) revision 1867021'; Using compiler version '192829333'; Build Type 'Release'
OS: 'Windows 11  (10.0.22621) 64bit CoreSingleLanguage' Language: 'es' Physical Memory: 16088 MB
BatchMode: 1, IsHumanControllingUs: 0, StartBugReporterOnCrash: 0, Is64bit: 1, IsPro: 1

COMMAND LINE ARGUMENTS:
C:\Program Files\Unity\Hub\Editor\2021.3.10f1\Editor\Unity.exe
-adb2
-batchMode
-noUpm
-name
AssetImportWorker4
-projectPath
C:/Users/Melissa/Documents/GitHub/Assets-Promedio-1/Assets-Promedio-1 prueba 1
-logFile
Logs/AssetImportWorker4.log
-srvPort
54322
Successfully changed project path to: C:/Users/Melissa/Documents/GitHub/Assets-Promedio-1/Assets-Promedio-1 prueba 1
C:/Users/Melissa/Documents/GitHub/Assets-Promedio-1/Assets-Promedio-1 prueba 1
[UnityMemory] Configuration Parameters - Can be set up in boot.config
    "memorysetup-bucket-allocator-granularity=16"
    "memorysetup-bucket-allocator-bucket-count=8"
    "memorysetup-bucket-allocator-block-size=33554432"
    "memorysetup-bucket-allocator-block-count=8"
    "memorysetup-main-allocator-block-size=16777216"
    "memorysetup-thread-allocator-block-size=16777216"
    "memorysetup-gfx-main-allocator-block-size=16777216"
    "memorysetup-gfx-thread-allocator-block-size=16777216"
    "memorysetup-cache-allocator-block-size=4194304"
    "memorysetup-typetree-allocator-block-size=2097152"
    "memorysetup-profiler-bucket-allocator-granularity=16"
    "memorysetup-profiler-bucket-allocator-bucket-count=8"
    "memorysetup-profiler-bucket-allocator-block-size=33554432"
    "memorysetup-profiler-bucket-allocator-block-count=8"
    "memorysetup-profiler-allocator-block-size=16777216"
    "memorysetup-profiler-editor-allocator-block-size=1048576"
    "memorysetup-temp-allocator-size-main=16777216"
    "memorysetup-job-temp-allocator-block-size=2097152"
    "memorysetup-job-temp-allocator-block-size-background=1048576"
    "memorysetup-job-temp-allocator-reduction-small-platforms=262144"
    "memorysetup-temp-allocator-size-background-worker=32768"
    "memorysetup-temp-allocator-size-job-worker=262144"
    "memorysetup-temp-allocator-size-preload-manager=33554432"
    "memorysetup-temp-allocator-size-nav-mesh-worker=65536"
    "memorysetup-temp-allocator-size-audio-worker=65536"
    "memorysetup-temp-allocator-size-cloud-worker=32768"
    "memorysetup-temp-allocator-size-gi-baking-worker=262144"
    "memorysetup-temp-allocator-size-gfx=262144"
Refreshing native plugins compatible for Editor in 54.51 ms, found 3 plugins.
Preloading 0 native plugins for Editor in 0.00 ms.
Initialize engine version: 2021.3.10f1 (1c7d0df0160b)
[Subsystems] Discovering subsystems at path C:/Program Files/Unity/Hub/Editor/2021.3.10f1/Editor/Data/Resources/UnitySubsystems
[Subsystems] Discovering subsystems at path C:/Users/Melissa/Documents/GitHub/Assets-Promedio-1/Assets-Promedio-1 prueba 1/Assets
GfxDevice: creating device client; threaded=0; jobified=0
Direct3D:
    Version:  Direct3D 11.0 [level 11.1]
    Renderer: NVIDIA GeForce RTX 3060 Laptop GPU (ID=0x2520)
    Vendor:   NVIDIA
    VRAM:     6009 MB
    Driver:   31.0.15.2737
Initialize mono
Mono path[0] = 'C:/Program Files/Unity/Hub/Editor/2021.3.10f1/Editor/Data/Managed'
Mono path[1] = 'C:/Program Files/Unity/Hub/Editor/2021.3.10f1/Editor/Data/MonoBleedingEdge/lib/mono/unityjit-win32'
Mono config path = 'C:/Program Files/Unity/Hub/Editor/2021.3.10f1/Editor/Data/MonoBleedingEdge/etc'
Using monoOptions --debugger-agent=transport=dt_socket,embedding=1,server=y,suspend=n,address=127.0.0.1:56344
Begin MonoManager ReloadAssembly
Registering precompiled unity dll's ...
Register platform support module: C:/Program Files/Unity/Hub/Editor/2021.3.10f1/Editor/Data/PlaybackEngines/WindowsStandaloneSupport/UnityEditor.WindowsStandalone.Extensions.dll
Registered in 0.003884 seconds.
Native extension for WindowsStandalone target not found
Refreshing native plugins compatible for Editor in 50.88 ms, found 3 plugins.
Preloading 0 native plugins for Editor in 0.00 ms.
Mono: successfully reloaded assembly
- Completed reload, in  0.446 seconds
Domain Reload Profiling:
	ReloadAssembly (447ms)
		BeginReloadAssembly (57ms)
			ExecutionOrderSort (0ms)
			DisableScriptedObjects (0ms)
			BackupInstance (0ms)
			ReleaseScriptingObjects (0ms)
			CreateAndSetChildDomain (1ms)
		EndReloadAssembly (308ms)
			LoadAssemblies (56ms)
			RebuildTransferFunctionScriptingTraits (0ms)
			SetupTypeCache (76ms)
			ReleaseScriptCaches (0ms)
			RebuildScriptCaches (19ms)
			SetupLoadedEditorAssemblies (178ms)
				LogAssemblyErrors (0ms)
				InitializePlatformSupportModulesInManaged (5ms)
				SetLoadedEditorAssemblies (0ms)
				RefreshPlugins (51ms)
				BeforeProcessingInitializeOnLoad (1ms)
				ProcessInitializeOnLoadAttributes (87ms)
				ProcessInitializeOnLoadMethodAttributes (34ms)
				AfterProcessingInitializeOnLoad (0ms)
				EditorAssembliesLoaded (0ms)
			ExecutionOrderSort2 (0ms)
			AwakeInstancesAfterBackupRestoration (0ms)
Platform modules already initialized, skipping
Registering precompiled user dll's ...
Registered in 0.004115 seconds.
Begin MonoManager ReloadAssembly
Symbol file LoadedFromMemory doesn't match image C:\Users\Melissa\Documents\GitHub\Assets-Promedio-1\Assets-Promedio-1 prueba 1\Library\PackageCache\com.unity.visualscripting@1.7.8\Editor\VisualScripting.Core\Dependencies\YamlDotNet\Unity.VisualScripting.YamlDotNet.dll
Symbol file LoadedFromMemory doesn't match image C:\Users\Melissa\Documents\GitHub\Assets-Promedio-1\Assets-Promedio-1 prueba 1\Library\PackageCache\com.unity.visualscripting@1.7.8\Editor\VisualScripting.Core\Dependencies\DotNetZip\Unity.VisualScripting.IonicZip.dll
Native extension for WindowsStandalone target not found
Refreshing native plugins compatible for Editor in 0.41 ms, found 3 plugins.
Preloading 0 native plugins for Editor in 0.00 ms.
Mono: successfully reloaded assembly
- Completed reload, in  0.710 seconds
Domain Reload Profiling:
	ReloadAssembly (711ms)
		BeginReloadAssembly (81ms)
			ExecutionOrderSort (0ms)
			DisableScriptedObjects (4ms)
			BackupInstance (0ms)
			ReleaseScriptingObjects (0ms)
			CreateAndSetChildDomain (17ms)
		EndReloadAssembly (544ms)
			LoadAssemblies (59ms)
			RebuildTransferFunctionScriptingTraits (0ms)
			SetupTypeCache (180ms)
			ReleaseScriptCaches (0ms)
			RebuildScriptCaches (34ms)
			SetupLoadedEditorAssemblies (245ms)
				LogAssemblyErrors (0ms)
				InitializePlatformSupportModulesInManaged (4ms)
				SetLoadedEditorAssemblies (0ms)
				RefreshPlugins (0ms)
				BeforeProcessingInitializeOnLoad (59ms)
				ProcessInitializeOnLoadAttributes (156ms)
				ProcessInitializeOnLoadMethodAttributes (21ms)
				AfterProcessingInitializeOnLoad (4ms)
				EditorAssembliesLoaded (0ms)
			ExecutionOrderSort2 (0ms)
			AwakeInstancesAfterBackupRestoration (5ms)
Platform modules already initialized, skipping
========================================================================
Worker process is ready to serve import requests
Launched and connected shader compiler UnityShaderCompiler.exe after 0.06 seconds
Refreshing native plugins compatible for Editor in 0.54 ms, found 3 plugins.
Preloading 0 native plugins for Editor in 0.00 ms.
Unloading 3380 Unused Serialized files (Serialized files now loaded: 0)
Unloading 27 unused Assets / (113.8 KB). Loaded Objects now: 3837.
Memory consumption went from 117.3 MB to 117.2 MB.
Total: 2.797600 ms (FindLiveObjects: 0.205700 ms CreateObjectMapping: 0.083700 ms MarkObjects: 2.420900 ms  DeleteObjects: 0.086400 ms)

AssetImportParameters requested are different than current active one (requested -> active):
  custom:video-decoder-ogg-theora: a1e56fd34408186e4bbccfd4996cb3dc -> 
  custom:container-muxer-webm: aa71ff27fc2769a1b78a27578f13a17b -> 
  custom:container-demuxer-webm: 4f35f7cbe854078d1ac9338744f61a02 -> 
  custom:video-encoder-webm-vp8: eb34c28f22e8b96e1ab97ce403110664 -> 
  custom:audio-encoder-webm-vorbis: bf7c407c2cedff20999df2af8eb42d56 -> 
  custom:framework-win-MediaFoundation: 216162199b28c13a410421893ffa2e32 -> 
  custom:container-demuxer-ogg: 62fdf1f143b41e24485cea50d1cbac27 -> 
  custom:video-decoder-webm-vp8: 9c59270c3fd7afecdb556c50c9e8de78 -> 
  custom:audio-decoder-ogg-vorbis: bf7c407c2cedff20999df2af8eb42d56 -> 
========================================================================
Received Import Request.
  Time since last request: 447965.906004 seconds.
  path: Assets/FBX/RAFAEL/AgujeroPared.fbx
  artifactKey: Guid(e3152de6fb308b443b2773b7b8f9687f) Importer(815301076,1909f56bfc062723c751e8b465ee728b)
Start importing Assets/FBX/RAFAEL/AgujeroPared.fbx using Guid(e3152de6fb308b443b2773b7b8f9687f) Importer(815301076,1909f56bfc062723c751e8b465ee728b)  -> (artifact id: 'a86347c976f46923ec94920342c00f2f') in 0.187777 seconds 
========================================================================
Received Import Request.
  Time since last request: 0.000031 seconds.
  path: Assets/FBX/RAFAEL/Monticulo_2.fbx
  artifactKey: Guid(ef774a74101a5f640ac5168c99c60a31) Importer(815301076,1909f56bfc062723c751e8b465ee728b)
Start importing Assets/FBX/RAFAEL/Monticulo_2.fbx using Guid(ef774a74101a5f640ac5168c99c60a31) Importer(815301076,1909f56bfc062723c751e8b465ee728b)  -> (artifact id: '34d3de0ce0ca683d9384bbaa4137d31e') in 0.032687 seconds 
========================================================================
Received Import Request.
  Time since last request: 0.000089 seconds.
  path: Assets/FBX/RAFAEL/SueloInclinadoArena.fbx
  artifactKey: Guid(b302b52b43adaf24396d325fd0d59ec2) Importer(815301076,1909f56bfc062723c751e8b465ee728b)
Start importing Assets/FBX/RAFAEL/SueloInclinadoArena.fbx using Guid(b302b52b43adaf24396d325fd0d59ec2) Importer(815301076,1909f56bfc062723c751e8b465ee728b)  -> (artifact id: 'ab33d26e55e4bdd018b493c7a3def725') in 0.023155 seconds 
========================================================================
Received Import Request.
  Time since last request: 0.000028 seconds.
  path: Assets/FBX/RAFAEL/Monticulo_3.fbx
  artifactKey: Guid(4b2a6d7916dd4a844a4493a15dec6105) Importer(815301076,1909f56bfc062723c751e8b465ee728b)
Start importing Assets/FBX/RAFAEL/Monticulo_3.fbx using Guid(4b2a6d7916dd4a844a4493a15dec6105) Importer(815301076,1909f56bfc062723c751e8b465ee728b)  -> (artifact id: '9ffd60408991588b58e8b46fec729a0f') in 0.032924 seconds 
========================================================================
Received Import Request.
  Time since last request: 54.355361 seconds.
  path: Assets/FBX/RAFAEL/CajaVerde.fbx
  artifactKey: Guid(0e76d08efdc735f4590043f266cf1c98) Importer(815301076,1909f56bfc062723c751e8b465ee728b)
Start importing Assets/FBX/RAFAEL/CajaVerde.fbx using Guid(0e76d08efdc735f4590043f266cf1c98) Importer(815301076,1909f56bfc062723c751e8b465ee728b)  -> (artifact id: '50a4d4ba5b54ec16e159805c3997f86a') in 0.019779 seconds 
========================================================================
Received Import Request.
  Time since last request: 0.000042 seconds.
  path: Assets/FBX/RAFAEL/Monticulo_1.fbx
  artifactKey: Guid(a997152b588173c4cbc7eac85ae3b27f) Importer(815301076,1909f56bfc062723c751e8b465ee728b)
Start importing Assets/FBX/RAFAEL/Monticulo_1.fbx using Guid(a997152b588173c4cbc7eac85ae3b27f) Importer(815301076,1909f56bfc062723c751e8b465ee728b)  -> (artifact id: '6c4a6b3e8de876752301a50d0e4fa22c') in 0.026698 seconds 
========================================================================
Received Import Request.
  Time since last request: 0.000027 seconds.
  path: Assets/FBX/RAFAEL/ParedCurva.fbx
  artifactKey: Guid(7a57ab98756dead4cb337cbb1e0975a4) Importer(815301076,1909f56bfc062723c751e8b465ee728b)
Start importing Assets/FBX/RAFAEL/ParedCurva.fbx using Guid(7a57ab98756dead4cb337cbb1e0975a4) Importer(815301076,1909f56bfc062723c751e8b465ee728b)  -> (artifact id: 'c31c6726acbfeb039cf267d1c017f6d7') in 0.027052 seconds 
========================================================================
Received Import Request.
  Time since last request: 0.000025 seconds.
  path: Assets/FBX/RAFAEL/Monticulo_2.fbx
  artifactKey: Guid(ef774a74101a5f640ac5168c99c60a31) Importer(815301076,1909f56bfc062723c751e8b465ee728b)
Start importing Assets/FBX/RAFAEL/Monticulo_2.fbx using Guid(ef774a74101a5f640ac5168c99c60a31) Importer(815301076,1909f56bfc062723c751e8b465ee728b)  -> (artifact id: '04e06dc6f176ed1c31855ddde92f7373') in 0.026466 seconds 
========================================================================
Received Import Request.
  Time since last request: 0.000066 seconds.
  path: Assets/FBX/RAFAEL/SueloInclinadoArena.fbx
  artifactKey: Guid(b302b52b43adaf24396d325fd0d59ec2) Importer(815301076,1909f56bfc062723c751e8b465ee728b)
Start importing Assets/FBX/RAFAEL/SueloInclinadoArena.fbx using Guid(b302b52b43adaf24396d325fd0d59ec2) Importer(815301076,1909f56bfc062723c751e8b465ee728b)  -> (artifact id: 'c27f317410be9b3f8f60e479a9db65e4') in 0.023939 seconds 
========================================================================
Received Import Request.
  Time since last request: 0.000024 seconds.
  path: Assets/FBX/RAFAEL/Monticulo_3.fbx
  artifactKey: Guid(4b2a6d7916dd4a844a4493a15dec6105) Importer(815301076,1909f56bfc062723c751e8b465ee728b)
Start importing Assets/FBX/RAFAEL/Monticulo_3.fbx using Guid(4b2a6d7916dd4a844a4493a15dec6105) Importer(815301076,1909f56bfc062723c751e8b465ee728b)  -> (artifact id: 'bf4442f91c4e287583449e3e5fef9ed5') in 0.028265 seconds 
Editor requested this worker to shutdown with reason: Scaling down because of idle timeout
AssetImportWorkerClient::OnTransportError - code=2 error=End of file
AssetImportWorker is now disconnected from the server
Process exiting
Exiting without the bug reporter. Application will terminate with return code 0