Using pre-set license
Built from '2021.3/staging' branch; Version is '2021.3.10f1 (1c7d0df0160b) revision 1867021'; Using compiler version '192829333'; Build Type 'Release'
OS: 'Windows 11  (10.0.22621) 64bit CoreSingleLanguage' Language: 'es' Physical Memory: 16088 MB
BatchMode: 1, IsHumanControllingUs: 0, StartBugReporterOnCrash: 0, Is64bit: 1, IsPro: 1

COMMAND LINE ARGUMENTS:
C:\Program Files\Unity\Hub\Editor\2021.3.10f1\Editor\Unity.exe
-adb2
-batchMode
-noUpm
-name
AssetImportWorker2
-projectPath
C:/Users/Melissa/Documents/GitHub/Assets-Promedio-1/Assets-Promedio-1 prueba 1
-logFile
Logs/AssetImportWorker2.log
-srvPort
54322
Successfully changed project path to: C:/Users/Melissa/Documents/GitHub/Assets-Promedio-1/Assets-Promedio-1 prueba 1
C:/Users/Melissa/Documents/GitHub/Assets-Promedio-1/Assets-Promedio-1 prueba 1
[UnityMemory] Configuration Parameters - Can be set up in boot.config
    "memorysetup-bucket-allocator-granularity=16"
    "memorysetup-bucket-allocator-bucket-count=8"
    "memorysetup-bucket-allocator-block-size=33554432"
    "memorysetup-bucket-allocator-block-count=8"
    "memorysetup-main-allocator-block-size=16777216"
    "memorysetup-thread-allocator-block-size=16777216"
    "memorysetup-gfx-main-allocator-block-size=16777216"
    "memorysetup-gfx-thread-allocator-block-size=16777216"
    "memorysetup-cache-allocator-block-size=4194304"
    "memorysetup-typetree-allocator-block-size=2097152"
    "memorysetup-profiler-bucket-allocator-granularity=16"
    "memorysetup-profiler-bucket-allocator-bucket-count=8"
    "memorysetup-profiler-bucket-allocator-block-size=33554432"
    "memorysetup-profiler-bucket-allocator-block-count=8"
    "memorysetup-profiler-allocator-block-size=16777216"
    "memorysetup-profiler-editor-allocator-block-size=1048576"
    "memorysetup-temp-allocator-size-main=16777216"
    "memorysetup-job-temp-allocator-block-size=2097152"
    "memorysetup-job-temp-allocator-block-size-background=1048576"
    "memorysetup-job-temp-allocator-reduction-small-platforms=262144"
    "memorysetup-temp-allocator-size-background-worker=32768"
    "memorysetup-temp-allocator-size-job-worker=262144"
    "memorysetup-temp-allocator-size-preload-manager=33554432"
    "memorysetup-temp-allocator-size-nav-mesh-worker=65536"
    "memorysetup-temp-allocator-size-audio-worker=65536"
    "memorysetup-temp-allocator-size-cloud-worker=32768"
    "memorysetup-temp-allocator-size-gi-baking-worker=262144"
    "memorysetup-temp-allocator-size-gfx=262144"
Refreshing native plugins compatible for Editor in 58.42 ms, found 3 plugins.
Preloading 0 native plugins for Editor in 0.00 ms.
Initialize engine version: 2021.3.10f1 (1c7d0df0160b)
[Subsystems] Discovering subsystems at path C:/Program Files/Unity/Hub/Editor/2021.3.10f1/Editor/Data/Resources/UnitySubsystems
[Subsystems] Discovering subsystems at path C:/Users/Melissa/Documents/GitHub/Assets-Promedio-1/Assets-Promedio-1 prueba 1/Assets
GfxDevice: creating device client; threaded=0; jobified=0
Direct3D:
    Version:  Direct3D 11.0 [level 11.1]
    Renderer: NVIDIA GeForce RTX 3060 Laptop GPU (ID=0x2520)
    Vendor:   NVIDIA
    VRAM:     6009 MB
    Driver:   31.0.15.2737
Initialize mono
Mono path[0] = 'C:/Program Files/Unity/Hub/Editor/2021.3.10f1/Editor/Data/Managed'
Mono path[1] = 'C:/Program Files/Unity/Hub/Editor/2021.3.10f1/Editor/Data/MonoBleedingEdge/lib/mono/unityjit-win32'
Mono config path = 'C:/Program Files/Unity/Hub/Editor/2021.3.10f1/Editor/Data/MonoBleedingEdge/etc'
Using monoOptions --debugger-agent=transport=dt_socket,embedding=1,server=y,suspend=n,address=127.0.0.1:56748
Begin MonoManager ReloadAssembly
Registering precompiled unity dll's ...
Register platform support module: C:/Program Files/Unity/Hub/Editor/2021.3.10f1/Editor/Data/PlaybackEngines/WindowsStandaloneSupport/UnityEditor.WindowsStandalone.Extensions.dll
Registered in 0.003877 seconds.
Native extension for WindowsStandalone target not found
Refreshing native plugins compatible for Editor in 52.61 ms, found 3 plugins.
Preloading 0 native plugins for Editor in 0.00 ms.
Mono: successfully reloaded assembly
- Completed reload, in  0.447 seconds
Domain Reload Profiling:
	ReloadAssembly (447ms)
		BeginReloadAssembly (55ms)
			ExecutionOrderSort (0ms)
			DisableScriptedObjects (0ms)
			BackupInstance (0ms)
			ReleaseScriptingObjects (0ms)
			CreateAndSetChildDomain (1ms)
		EndReloadAssembly (318ms)
			LoadAssemblies (53ms)
			RebuildTransferFunctionScriptingTraits (0ms)
			SetupTypeCache (72ms)
			ReleaseScriptCaches (0ms)
			RebuildScriptCaches (20ms)
			SetupLoadedEditorAssemblies (189ms)
				LogAssemblyErrors (0ms)
				InitializePlatformSupportModulesInManaged (5ms)
				SetLoadedEditorAssemblies (0ms)
				RefreshPlugins (53ms)
				BeforeProcessingInitializeOnLoad (1ms)
				ProcessInitializeOnLoadAttributes (92ms)
				ProcessInitializeOnLoadMethodAttributes (37ms)
				AfterProcessingInitializeOnLoad (0ms)
				EditorAssembliesLoaded (0ms)
			ExecutionOrderSort2 (0ms)
			AwakeInstancesAfterBackupRestoration (0ms)
Platform modules already initialized, skipping
Registering precompiled user dll's ...
Registered in 0.004358 seconds.
Begin MonoManager ReloadAssembly
Symbol file LoadedFromMemory doesn't match image C:\Users\Melissa\Documents\GitHub\Assets-Promedio-1\Assets-Promedio-1 prueba 1\Library\PackageCache\com.unity.visualscripting@1.7.8\Editor\VisualScripting.Core\Dependencies\YamlDotNet\Unity.VisualScripting.YamlDotNet.dll
Symbol file LoadedFromMemory doesn't match image C:\Users\Melissa\Documents\GitHub\Assets-Promedio-1\Assets-Promedio-1 prueba 1\Library\PackageCache\com.unity.visualscripting@1.7.8\Editor\VisualScripting.Core\Dependencies\DotNetZip\Unity.VisualScripting.IonicZip.dll
Native extension for WindowsStandalone target not found
Refreshing native plugins compatible for Editor in 0.41 ms, found 3 plugins.
Preloading 0 native plugins for Editor in 0.00 ms.
Mono: successfully reloaded assembly
- Completed reload, in  0.786 seconds
Domain Reload Profiling:
	ReloadAssembly (787ms)
		BeginReloadAssembly (101ms)
			ExecutionOrderSort (0ms)
			DisableScriptedObjects (8ms)
			BackupInstance (0ms)
			ReleaseScriptingObjects (0ms)
			CreateAndSetChildDomain (19ms)
		EndReloadAssembly (597ms)
			LoadAssemblies (99ms)
			RebuildTransferFunctionScriptingTraits (0ms)
			SetupTypeCache (183ms)
			ReleaseScriptCaches (0ms)
			RebuildScriptCaches (33ms)
			SetupLoadedEditorAssemblies (261ms)
				LogAssemblyErrors (0ms)
				InitializePlatformSupportModulesInManaged (4ms)
				SetLoadedEditorAssemblies (0ms)
				RefreshPlugins (0ms)
				BeforeProcessingInitializeOnLoad (65ms)
				ProcessInitializeOnLoadAttributes (162ms)
				ProcessInitializeOnLoadMethodAttributes (24ms)
				AfterProcessingInitializeOnLoad (6ms)
				EditorAssembliesLoaded (0ms)
			ExecutionOrderSort2 (0ms)
			AwakeInstancesAfterBackupRestoration (6ms)
Platform modules already initialized, skipping
========================================================================
Worker process is ready to serve import requests
Launched and connected shader compiler UnityShaderCompiler.exe after 0.06 seconds
Refreshing native plugins compatible for Editor in 0.62 ms, found 3 plugins.
Preloading 0 native plugins for Editor in 0.00 ms.
Unloading 3380 Unused Serialized files (Serialized files now loaded: 0)
Unloading 27 unused Assets / (113.8 KB). Loaded Objects now: 3837.
Memory consumption went from 117.3 MB to 117.2 MB.
Total: 2.668800 ms (FindLiveObjects: 0.218900 ms CreateObjectMapping: 0.109300 ms MarkObjects: 2.259000 ms  DeleteObjects: 0.080200 ms)

AssetImportParameters requested are different than current active one (requested -> active):
  custom:video-decoder-ogg-theora: a1e56fd34408186e4bbccfd4996cb3dc -> 
  custom:container-muxer-webm: aa71ff27fc2769a1b78a27578f13a17b -> 
  custom:container-demuxer-webm: 4f35f7cbe854078d1ac9338744f61a02 -> 
  custom:video-encoder-webm-vp8: eb34c28f22e8b96e1ab97ce403110664 -> 
  custom:audio-encoder-webm-vorbis: bf7c407c2cedff20999df2af8eb42d56 -> 
  custom:framework-win-MediaFoundation: 216162199b28c13a410421893ffa2e32 -> 
  custom:container-demuxer-ogg: 62fdf1f143b41e24485cea50d1cbac27 -> 
  custom:video-decoder-webm-vp8: 9c59270c3fd7afecdb556c50c9e8de78 -> 
  custom:audio-decoder-ogg-vorbis: bf7c407c2cedff20999df2af8eb42d56 -> 
========================================================================
Received Import Request.
  Time since last request: 446834.969493 seconds.
  path: Assets/FBX/MEL/lampara.fbx
  artifactKey: Guid(25ad1c58b6b83b14caad77771f0a1897) Importer(815301076,1909f56bfc062723c751e8b465ee728b)
Start importing Assets/FBX/MEL/lampara.fbx using Guid(25ad1c58b6b83b14caad77771f0a1897) Importer(815301076,1909f56bfc062723c751e8b465ee728b)  -> (artifact id: '58f017d5b8fcbdeec990389e817c8c7c') in 0.134734 seconds 
========================================================================
Received Import Request.
  Time since last request: 14.264847 seconds.
  path: Assets/FBX/MEL/arco de piedra pequeño tunel.fbx
  artifactKey: Guid(865d2787febf45d4b87650884d026476) Importer(815301076,1909f56bfc062723c751e8b465ee728b)
Start importing Assets/FBX/MEL/arco de piedra pequeño tunel.fbx using Guid(865d2787febf45d4b87650884d026476) Importer(815301076,1909f56bfc062723c751e8b465ee728b)  -> (artifact id: 'e24e6b31d84c6592bac20f78e316231a') in 0.025024 seconds 
========================================================================
Received Import Request.
  Time since last request: 0.000048 seconds.
  path: Assets/FBX/MEL/arco de piedra puerta pequeña.fbx
  artifactKey: Guid(845e9a2fc15652946808736bdc268e0e) Importer(815301076,1909f56bfc062723c751e8b465ee728b)
Start importing Assets/FBX/MEL/arco de piedra puerta pequeña.fbx using Guid(845e9a2fc15652946808736bdc268e0e) Importer(815301076,1909f56bfc062723c751e8b465ee728b)  -> (artifact id: 'e866382bcf3b0f071bb38c1b496b2557') in 0.041069 seconds 
========================================================================
Received Import Request.
  Time since last request: 12.066599 seconds.
  path: Assets/FBX/MEL/arco de piedra sin puertas.fbx
  artifactKey: Guid(6b30448a29d256946be8f7ffc41a863b) Importer(815301076,1909f56bfc062723c751e8b465ee728b)
Start importing Assets/FBX/MEL/arco de piedra sin puertas.fbx using Guid(6b30448a29d256946be8f7ffc41a863b) Importer(815301076,1909f56bfc062723c751e8b465ee728b)  -> (artifact id: '9bdabf57baea6754443a9ce4172c4bae') in 0.018639 seconds 
========================================================================
Received Import Request.
  Time since last request: 0.000029 seconds.
  path: Assets/FBX/MEL/pared_diagonal_2_horizontal.fbx
  artifactKey: Guid(0535aad0b16aaa74f9f650fc353cb331) Importer(815301076,1909f56bfc062723c751e8b465ee728b)
Start importing Assets/FBX/MEL/pared_diagonal_2_horizontal.fbx using Guid(0535aad0b16aaa74f9f650fc353cb331) Importer(815301076,1909f56bfc062723c751e8b465ee728b)  -> (artifact id: '4f1b6977912c670ce210fc17b311bf2c') in 0.020996 seconds 
========================================================================
Received Import Request.
  Time since last request: 0.000024 seconds.
  path: Assets/FBX/MEL/pared_diagonal_1_horizontal.fbx
  artifactKey: Guid(75d89d0e81db1264ab76570bb09a7464) Importer(815301076,1909f56bfc062723c751e8b465ee728b)
Start importing Assets/FBX/MEL/pared_diagonal_1_horizontal.fbx using Guid(75d89d0e81db1264ab76570bb09a7464) Importer(815301076,1909f56bfc062723c751e8b465ee728b)  -> (artifact id: '106aad86fb21d25d698179bd8cd98c14') in 0.028130 seconds 
========================================================================
Received Import Request.
  Time since last request: 0.000024 seconds.
  path: Assets/FBX/MEL/pared_diagonal_1_vertical.fbx
  artifactKey: Guid(d427b22baa60f8a41b5ad684b80344ac) Importer(815301076,1909f56bfc062723c751e8b465ee728b)
Start importing Assets/FBX/MEL/pared_diagonal_1_vertical.fbx using Guid(d427b22baa60f8a41b5ad684b80344ac) Importer(815301076,1909f56bfc062723c751e8b465ee728b)  -> (artifact id: '4246a4180c181fae06d9dd3fd72888da') in 0.014875 seconds 
========================================================================
Received Import Request.
  Time since last request: 1104.282638 seconds.
  path: Assets/FBX/RAFAEL/ArcoDePiedra_CTgrande_Fondo.fbx
  artifactKey: Guid(601a62b1e695b6b4a9262858b901c274) Importer(815301076,1909f56bfc062723c751e8b465ee728b)
Start importing Assets/FBX/RAFAEL/ArcoDePiedra_CTgrande_Fondo.fbx using Guid(601a62b1e695b6b4a9262858b901c274) Importer(815301076,1909f56bfc062723c751e8b465ee728b)  -> (artifact id: '41ce1760828f8328aa2cc2d50f8d7fc3') in 0.025718 seconds 
========================================================================
Received Import Request.
  Time since last request: 0.000054 seconds.
  path: Assets/FBX/RAFAEL/Monticulo_1.fbx
  artifactKey: Guid(a997152b588173c4cbc7eac85ae3b27f) Importer(815301076,1909f56bfc062723c751e8b465ee728b)
Start importing Assets/FBX/RAFAEL/Monticulo_1.fbx using Guid(a997152b588173c4cbc7eac85ae3b27f) Importer(815301076,1909f56bfc062723c751e8b465ee728b)  -> (artifact id: '8692bd7c36bdc28ff0a5989c53fdfd38') in 0.029094 seconds 
========================================================================
Received Import Request.
  Time since last request: 0.000050 seconds.
  path: Assets/FBX/RAFAEL/Suelo.fbx
  artifactKey: Guid(7bc74c108f6225749990870cd25dd226) Importer(815301076,1909f56bfc062723c751e8b465ee728b)
Start importing Assets/FBX/RAFAEL/Suelo.fbx using Guid(7bc74c108f6225749990870cd25dd226) Importer(815301076,1909f56bfc062723c751e8b465ee728b)  -> (artifact id: 'c4fba1e6e99e1b3607be1d339a77b2d7') in 0.018049 seconds 
========================================================================
Received Import Request.
  Time since last request: 0.000025 seconds.
  path: Assets/FBX/RAFAEL/EscaleraCurva.fbx
  artifactKey: Guid(72120b3621ec70f4b94914c32a9827eb) Importer(815301076,1909f56bfc062723c751e8b465ee728b)
Start importing Assets/FBX/RAFAEL/EscaleraCurva.fbx using Guid(72120b3621ec70f4b94914c32a9827eb) Importer(815301076,1909f56bfc062723c751e8b465ee728b)  -> (artifact id: 'b54a3718d99b8e727176556b9fdbf4a0') in 0.025944 seconds 
========================================================================
Received Import Request.
  Time since last request: 0.000097 seconds.
  path: Assets/FBX/RAFAEL/ParedCurva.fbx
  artifactKey: Guid(7a57ab98756dead4cb337cbb1e0975a4) Importer(815301076,1909f56bfc062723c751e8b465ee728b)
Start importing Assets/FBX/RAFAEL/ParedCurva.fbx using Guid(7a57ab98756dead4cb337cbb1e0975a4) Importer(815301076,1909f56bfc062723c751e8b465ee728b)  -> (artifact id: 'c1c5d8566ab9f7bb8d3cf890ef3330d3') in 0.029370 seconds 
========================================================================
Received Import Request.
  Time since last request: 0.000028 seconds.
  path: Assets/FBX/RAFAEL/SueloInclinadoArena_Rampa.fbx
  artifactKey: Guid(f32d061e275784143b703fb7f3b84fea) Importer(815301076,1909f56bfc062723c751e8b465ee728b)
Start importing Assets/FBX/RAFAEL/SueloInclinadoArena_Rampa.fbx using Guid(f32d061e275784143b703fb7f3b84fea) Importer(815301076,1909f56bfc062723c751e8b465ee728b)  -> (artifact id: '1f2aa8b89333239c04a23a98daa68744') in 0.023837 seconds 
========================================================================
Received Import Request.
  Time since last request: 0.000028 seconds.
  path: Assets/FBX/RAFAEL/CajaVerde.fbx
  artifactKey: Guid(0e76d08efdc735f4590043f266cf1c98) Importer(815301076,1909f56bfc062723c751e8b465ee728b)
Start importing Assets/FBX/RAFAEL/CajaVerde.fbx using Guid(0e76d08efdc735f4590043f266cf1c98) Importer(815301076,1909f56bfc062723c751e8b465ee728b)  -> (artifact id: 'bef8c56ec4e5b158c71e2239ee135e43') in 0.029205 seconds 
========================================================================
Received Import Request.
  Time since last request: 0.000040 seconds.
  path: Assets/FBX/RAFAEL/Rampa.fbx
  artifactKey: Guid(3efc70005adb1f34498cf33df032095c) Importer(815301076,1909f56bfc062723c751e8b465ee728b)
Start importing Assets/FBX/RAFAEL/Rampa.fbx using Guid(3efc70005adb1f34498cf33df032095c) Importer(815301076,1909f56bfc062723c751e8b465ee728b)  -> (artifact id: '4e90b14c4b36b2315564938dd4e1e8f9') in 0.029088 seconds 
========================================================================
Received Import Request.
  Time since last request: 0.000028 seconds.
  path: Assets/FBX/RAFAEL/ArcoDePiedra_GrandeTunel_CTpequeño.fbx
  artifactKey: Guid(346abe6090bdec64db3ab2b3aa3578a1) Importer(815301076,1909f56bfc062723c751e8b465ee728b)
Start importing Assets/FBX/RAFAEL/ArcoDePiedra_GrandeTunel_CTpequeño.fbx using Guid(346abe6090bdec64db3ab2b3aa3578a1) Importer(815301076,1909f56bfc062723c751e8b465ee728b)  -> (artifact id: '1fd636df2dd0777b1c3318eb250844d9') in 0.032270 seconds 
========================================================================
Received Import Request.
  Time since last request: 54.383491 seconds.
  path: Assets/FBX/RAFAEL/AgujeroPared.fbx
  artifactKey: Guid(e3152de6fb308b443b2773b7b8f9687f) Importer(815301076,1909f56bfc062723c751e8b465ee728b)
Start importing Assets/FBX/RAFAEL/AgujeroPared.fbx using Guid(e3152de6fb308b443b2773b7b8f9687f) Importer(815301076,1909f56bfc062723c751e8b465ee728b)  -> (artifact id: '843d168630b1cbd048dc46dadc63ba20') in 0.025316 seconds 
========================================================================
Received Import Request.
  Time since last request: 0.000055 seconds.
  path: Assets/FBX/RAFAEL/Suelo.fbx
  artifactKey: Guid(7bc74c108f6225749990870cd25dd226) Importer(815301076,1909f56bfc062723c751e8b465ee728b)
Start importing Assets/FBX/RAFAEL/Suelo.fbx using Guid(7bc74c108f6225749990870cd25dd226) Importer(815301076,1909f56bfc062723c751e8b465ee728b)  -> (artifact id: 'b63c018b6c9e6055f1910dc770f656bf') in 0.031932 seconds 
========================================================================
Received Import Request.
  Time since last request: 0.000032 seconds.
  path: Assets/FBX/RAFAEL/SueloInclinadoArena_Rampa.fbx
  artifactKey: Guid(f32d061e275784143b703fb7f3b84fea) Importer(815301076,1909f56bfc062723c751e8b465ee728b)
Start importing Assets/FBX/RAFAEL/SueloInclinadoArena_Rampa.fbx using Guid(f32d061e275784143b703fb7f3b84fea) Importer(815301076,1909f56bfc062723c751e8b465ee728b)  -> (artifact id: '419ec241e74090a8198b7c8adad0aa48') in 0.021715 seconds 
========================================================================
Received Import Request.
  Time since last request: 0.000031 seconds.
  path: Assets/FBX/RAFAEL/Rampa.fbx
  artifactKey: Guid(3efc70005adb1f34498cf33df032095c) Importer(815301076,1909f56bfc062723c751e8b465ee728b)
Start importing Assets/FBX/RAFAEL/Rampa.fbx using Guid(3efc70005adb1f34498cf33df032095c) Importer(815301076,1909f56bfc062723c751e8b465ee728b)  -> (artifact id: 'b7560d93dc36d272d1a44ceaed7584f6') in 0.030671 seconds 
Editor requested this worker to shutdown with reason: Scaling down because of idle timeout
AssetImportWorker is now disconnected from the server
Process exiting
Exiting without the bug reporter. Application will terminate with return code 0